------------------------------------------------------------------------------
                           GCC Code Coverage Report
Directory: .
------------------------------------------------------------------------------
File                                       Lines    Exec  Cover   Missing
------------------------------------------------------------------------------
utExecutionAndResults/utUnderTest/src/TempMon_Run.c
                                              12      12   100%
------------------------------------------------------------------------------
TOTAL                                         12      12   100%
------------------------------------------------------------------------------
