------------------------------------------------------------------------------
                           GCC Code Coverage Report
Directory: .
------------------------------------------------------------------------------
File                                       Lines    Exec  Cover   Missing
------------------------------------------------------------------------------
utExecutionAndResults/utUnderTest/src/TempMon_Run.c
                                              19      17    89%   35,37
------------------------------------------------------------------------------
TOTAL                                         19      17    89%
------------------------------------------------------------------------------
